Test set: Avg. loss: 0.2167, Accuracy: 1515/10000 (15%)

Train Epoch: 1 [0/60000 (0%)]   Loss: 0.200264
Train Epoch: 1 [640/60000 (1%)] Loss: -6.422657
Train Epoch: 1 [1280/60000 (2%)]        Loss: -12.703200
Train Epoch: 1 [1920/60000 (3%)]        Loss: -19.869394
Train Epoch: 1 [2560/60000 (4%)]        Loss: -25.591309
Train Epoch: 1 [3200/60000 (5%)]        Loss: -35.020779
Train Epoch: 1 [3840/60000 (6%)]        Loss: -42.733849
Train Epoch: 1 [4480/60000 (7%)]        Loss: -49.551216
Train Epoch: 1 [5120/60000 (9%)]        Loss: -52.584694
Train Epoch: 1 [5760/60000 (10%)]       Loss: -59.119480
Train Epoch: 1 [6400/60000 (11%)]       Loss: -67.633087
Train Epoch: 1 [7040/60000 (12%)]       Loss: -76.732201
Train Epoch: 1 [7680/60000 (13%)]       Loss: -77.196091
Train Epoch: 1 [8320/60000 (14%)]       Loss: -85.853867
Train Epoch: 1 [8960/60000 (15%)]       Loss: -89.724342
Train Epoch: 1 [9600/60000 (16%)]       Loss: -105.862495
Train Epoch: 1 [10240/60000 (17%)]      Loss: -111.089294
Train Epoch: 1 [10880/60000 (18%)]      Loss: -115.033348
Train Epoch: 1 [11520/60000 (19%)]      Loss: -126.664131
Train Epoch: 1 [12160/60000 (20%)]      Loss: -135.892258
Train Epoch: 1 [12800/60000 (21%)]      Loss: -135.138565
Train Epoch: 1 [13440/60000 (22%)]      Loss: -143.003754
Train Epoch: 1 [14080/60000 (23%)]      Loss: -142.874527
Train Epoch: 1 [14720/60000 (25%)]      Loss: -152.162399
Train Epoch: 1 [15360/60000 (26%)]      Loss: -166.200302
Train Epoch: 1 [16000/60000 (27%)]      Loss: -165.791092
Train Epoch: 1 [16640/60000 (28%)]      Loss: -176.290039
Train Epoch: 1 [17280/60000 (29%)]      Loss: -180.834915
Train Epoch: 1 [17920/60000 (30%)]      Loss: -200.943192
Train Epoch: 1 [18560/60000 (31%)]      Loss: -191.226669
Train Epoch: 1 [19200/60000 (32%)]      Loss: -207.311020
Train Epoch: 1 [19840/60000 (33%)]      Loss: -213.851669
Train Epoch: 1 [20480/60000 (34%)]      Loss: -210.483871
Train Epoch: 1 [21120/60000 (35%)]      Loss: -233.106903
Train Epoch: 1 [21760/60000 (36%)]      Loss: -229.324905
Train Epoch: 1 [22400/60000 (37%)]      Loss: -246.845551
Train Epoch: 1 [23040/60000 (38%)]      Loss: -237.446075
Train Epoch: 1 [23680/60000 (39%)]      Loss: -260.309296
Train Epoch: 1 [24320/60000 (41%)]      Loss: -284.855469
Train Epoch: 1 [24960/60000 (42%)]      Loss: -249.232635
Train Epoch: 1 [25600/60000 (43%)]      Loss: -283.772369
Train Epoch: 1 [26240/60000 (44%)]      Loss: -286.401550
Train Epoch: 1 [26880/60000 (45%)]      Loss: -273.658203
Train Epoch: 1 [27520/60000 (46%)]      Loss: -284.752380
Train Epoch: 1 [28160/60000 (47%)]      Loss: -314.067566
Train Epoch: 1 [28800/60000 (48%)]      Loss: -325.890625
Train Epoch: 1 [29440/60000 (49%)]      Loss: -309.640900
Train Epoch: 1 [30080/60000 (50%)]      Loss: -308.767395
Train Epoch: 1 [30720/60000 (51%)]      Loss: -338.418915
Train Epoch: 1 [31360/60000 (52%)]      Loss: -346.465424
Train Epoch: 1 [32000/60000 (53%)]      Loss: -356.995697
Train Epoch: 1 [32640/60000 (54%)]      Loss: -372.008606
Train Epoch: 1 [33280/60000 (55%)]      Loss: -356.517426
Train Epoch: 1 [33920/60000 (57%)]      Loss: -358.926453
Train Epoch: 1 [34560/60000 (58%)]      Loss: -372.433380
Train Epoch: 1 [35200/60000 (59%)]      Loss: -396.212921
Train Epoch: 1 [35840/60000 (60%)]      Loss: -380.849213
Train Epoch: 1 [36480/60000 (61%)]      Loss: -400.118011
Train Epoch: 1 [37120/60000 (62%)]      Loss: -386.876831
Train Epoch: 1 [37760/60000 (63%)]      Loss: -405.892914
Train Epoch: 1 [38400/60000 (64%)]      Loss: -404.571808
Train Epoch: 1 [39040/60000 (65%)]      Loss: -396.727264
Train Epoch: 1 [39680/60000 (66%)]      Loss: -442.135040
Train Epoch: 1 [40320/60000 (67%)]      Loss: -450.990875
Train Epoch: 1 [40960/60000 (68%)]      Loss: -467.441803
Train Epoch: 1 [41600/60000 (69%)]      Loss: -447.553619
Train Epoch: 1 [42240/60000 (70%)]      Loss: -441.745422
Train Epoch: 1 [42880/60000 (71%)]      Loss: -473.275696
Train Epoch: 1 [43520/60000 (72%)]      Loss: -462.403290
Train Epoch: 1 [44160/60000 (74%)]      Loss: -460.462311
Train Epoch: 1 [44800/60000 (75%)]      Loss: -480.039215
Train Epoch: 1 [45440/60000 (76%)]      Loss: -446.517670
Train Epoch: 1 [46080/60000 (77%)]      Loss: -504.643768
Train Epoch: 1 [46720/60000 (78%)]      Loss: -529.652039
Train Epoch: 1 [47360/60000 (79%)]      Loss: -508.221344
Train Epoch: 1 [48000/60000 (80%)]      Loss: -488.550598
Train Epoch: 1 [48640/60000 (81%)]      Loss: -505.823395
Train Epoch: 1 [49280/60000 (82%)]      Loss: -551.464294
Train Epoch: 1 [49920/60000 (83%)]      Loss: -607.684265
Train Epoch: 1 [50560/60000 (84%)]      Loss: -531.131836
Train Epoch: 1 [51200/60000 (85%)]      Loss: -595.954834
Train Epoch: 1 [51840/60000 (86%)]      Loss: -601.655640
Train Epoch: 1 [52480/60000 (87%)]      Loss: -556.333191
Train Epoch: 1 [53120/60000 (88%)]      Loss: -571.394104
Train Epoch: 1 [53760/60000 (90%)]      Loss: -590.882507
Train Epoch: 1 [54400/60000 (91%)]      Loss: -539.822144
Train Epoch: 1 [55040/60000 (92%)]      Loss: -580.467407
Train Epoch: 1 [55680/60000 (93%)]      Loss: -577.061829
Train Epoch: 1 [56320/60000 (94%)]      Loss: -585.284851
Train Epoch: 1 [56960/60000 (95%)]      Loss: -601.509766
Train Epoch: 1 [57600/60000 (96%)]      Loss: -628.168579
Train Epoch: 1 [58240/60000 (97%)]      Loss: -647.383728
Train Epoch: 1 [58880/60000 (98%)]      Loss: -610.392029
Train Epoch: 1 [59520/60000 (99%)]      Loss: -614.418335

Test set: Avg. loss: -660.8879, Accuracy: 7386/10000 (74%)

Train Epoch: 2 [0/60000 (0%)]   Loss: -682.434021
Train Epoch: 2 [640/60000 (1%)] Loss: -650.282532
Train Epoch: 2 [1280/60000 (2%)]        Loss: -629.369934
Train Epoch: 2 [1920/60000 (3%)]        Loss: -669.132751
Train Epoch: 2 [2560/60000 (4%)]        Loss: -689.480530
Train Epoch: 2 [3200/60000 (5%)]        Loss: -646.785156
Train Epoch: 2 [3840/60000 (6%)]        Loss: -676.338074
Train Epoch: 2 [4480/60000 (7%)]        Loss: -677.140808
Train Epoch: 2 [5120/60000 (9%)]        Loss: -703.405701
Train Epoch: 2 [5760/60000 (10%)]       Loss: -748.355591
Train Epoch: 2 [6400/60000 (11%)]       Loss: -743.680237
Train Epoch: 2 [7040/60000 (12%)]       Loss: -765.025818
Train Epoch: 2 [7680/60000 (13%)]       Loss: -683.444763
Train Epoch: 2 [8320/60000 (14%)]       Loss: -700.433838
Train Epoch: 2 [8960/60000 (15%)]       Loss: -767.611877
Train Epoch: 2 [9600/60000 (16%)]       Loss: -752.350159
Train Epoch: 2 [10240/60000 (17%)]      Loss: -746.570374
Train Epoch: 2 [10880/60000 (18%)]      Loss: -763.674561
Train Epoch: 2 [11520/60000 (19%)]      Loss: -756.720032
Train Epoch: 2 [12160/60000 (20%)]      Loss: -786.422974
Train Epoch: 2 [12800/60000 (21%)]      Loss: -717.457703
Train Epoch: 2 [13440/60000 (22%)]      Loss: -746.782532
Train Epoch: 2 [14080/60000 (23%)]      Loss: -791.802124
Train Epoch: 2 [14720/60000 (25%)]      Loss: -827.513245
Train Epoch: 2 [15360/60000 (26%)]      Loss: -803.092163
Train Epoch: 2 [16000/60000 (27%)]      Loss: -864.468262
Train Epoch: 2 [16640/60000 (28%)]      Loss: -840.980591
Train Epoch: 2 [17280/60000 (29%)]      Loss: -807.509094
Train Epoch: 2 [17920/60000 (30%)]      Loss: -885.280579
Train Epoch: 2 [18560/60000 (31%)]      Loss: -873.230103
Train Epoch: 2 [19200/60000 (32%)]      Loss: -841.349304
Train Epoch: 2 [19840/60000 (33%)]      Loss: -883.439209
Train Epoch: 2 [20480/60000 (34%)]      Loss: -909.812988
Train Epoch: 2 [21120/60000 (35%)]      Loss: -933.213928
Train Epoch: 2 [21760/60000 (36%)]      Loss: -876.126953
Train Epoch: 2 [22400/60000 (37%)]      Loss: -905.036560
Train Epoch: 2 [23040/60000 (38%)]      Loss: -917.572998
Train Epoch: 2 [23680/60000 (39%)]      Loss: -905.099121
Train Epoch: 2 [24320/60000 (41%)]      Loss: -933.867859
Train Epoch: 2 [24960/60000 (42%)]      Loss: -904.352417
Train Epoch: 2 [25600/60000 (43%)]      Loss: -991.014038
Train Epoch: 2 [26240/60000 (44%)]      Loss: -967.714478
Train Epoch: 2 [26880/60000 (45%)]      Loss: -967.223999
Train Epoch: 2 [27520/60000 (46%)]      Loss: -959.221985
Train Epoch: 2 [28160/60000 (47%)]      Loss: -890.545471
Train Epoch: 2 [28800/60000 (48%)]      Loss: -953.775391
Train Epoch: 2 [29440/60000 (49%)]      Loss: -999.671936
Train Epoch: 2 [30080/60000 (50%)]      Loss: -945.269958
Train Epoch: 2 [30720/60000 (51%)]      Loss: -1008.242310
Train Epoch: 2 [31360/60000 (52%)]      Loss: -1027.080078
Train Epoch: 2 [32000/60000 (53%)]      Loss: -949.241211
Train Epoch: 2 [32640/60000 (54%)]      Loss: -1034.238525
Train Epoch: 2 [33280/60000 (55%)]      Loss: -1081.751587
Train Epoch: 2 [33920/60000 (57%)]      Loss: -1003.160339
Train Epoch: 2 [34560/60000 (58%)]      Loss: -1006.294128
Train Epoch: 2 [35200/60000 (59%)]      Loss: -1082.615356
Train Epoch: 2 [35840/60000 (60%)]      Loss: -1007.266235
Train Epoch: 2 [36480/60000 (61%)]      Loss: -1118.968262
Train Epoch: 2 [37120/60000 (62%)]      Loss: -1050.331909
Train Epoch: 2 [37760/60000 (63%)]      Loss: -1064.720703
Train Epoch: 2 [38400/60000 (64%)]      Loss: -1104.066406
Train Epoch: 2 [39040/60000 (65%)]      Loss: -1043.489014
Train Epoch: 2 [39680/60000 (66%)]      Loss: -1070.795410
Train Epoch: 2 [40320/60000 (67%)]      Loss: -1114.785278
Train Epoch: 2 [40960/60000 (68%)]      Loss: -1048.833984
Train Epoch: 2 [41600/60000 (69%)]      Loss: -1066.357910
Train Epoch: 2 [42240/60000 (70%)]      Loss: -1096.912598
Train Epoch: 2 [42880/60000 (71%)]      Loss: -1064.373901
Train Epoch: 2 [43520/60000 (72%)]      Loss: -1116.154297
Train Epoch: 2 [44160/60000 (74%)]      Loss: -1148.175293
Train Epoch: 2 [44800/60000 (75%)]      Loss: -1107.186890
Train Epoch: 2 [45440/60000 (76%)]      Loss: -1126.785522
Train Epoch: 2 [46080/60000 (77%)]      Loss: -1143.319458
Train Epoch: 2 [46720/60000 (78%)]      Loss: -1157.206177
Train Epoch: 2 [47360/60000 (79%)]      Loss: -1115.065430
Train Epoch: 2 [48000/60000 (80%)]      Loss: -1211.583252
Train Epoch: 2 [48640/60000 (81%)]      Loss: -1175.139160
Train Epoch: 2 [49280/60000 (82%)]      Loss: -1174.052490
Train Epoch: 2 [49920/60000 (83%)]      Loss: -1224.019531
Train Epoch: 2 [50560/60000 (84%)]      Loss: -1184.013794
Train Epoch: 2 [51200/60000 (85%)]      Loss: -1164.101196
Train Epoch: 2 [51840/60000 (86%)]      Loss: -1189.038696
Train Epoch: 2 [52480/60000 (87%)]      Loss: -1134.257690
Train Epoch: 2 [53120/60000 (88%)]      Loss: -1268.729736
Train Epoch: 2 [53760/60000 (90%)]      Loss: -1235.374390
Train Epoch: 2 [54400/60000 (91%)]      Loss: -1281.618164
Train Epoch: 2 [55040/60000 (92%)]      Loss: -1315.156372
Train Epoch: 2 [55680/60000 (93%)]      Loss: -1319.957275
Train Epoch: 2 [56320/60000 (94%)]      Loss: -1284.421631
Train Epoch: 2 [56960/60000 (95%)]      Loss: -1297.758057
Train Epoch: 2 [57600/60000 (96%)]      Loss: -1338.250732
Train Epoch: 2 [58240/60000 (97%)]      Loss: -1163.098633
Train Epoch: 2 [58880/60000 (98%)]      Loss: -1235.279907
Train Epoch: 2 [59520/60000 (99%)]      Loss: -1207.537476

Test set: Avg. loss: -1322.6914, Accuracy: 7381/10000 (74%)

Train Epoch: 3 [0/60000 (0%)]   Loss: -1267.640137
Train Epoch: 3 [640/60000 (1%)] Loss: -1262.879761
Train Epoch: 3 [1280/60000 (2%)]        Loss: -1337.876099
Train Epoch: 3 [1920/60000 (3%)]        Loss: -1261.072510
Train Epoch: 3 [2560/60000 (4%)]        Loss: -1296.623779
Train Epoch: 3 [3200/60000 (5%)]        Loss: -1245.887573
Train Epoch: 3 [3840/60000 (6%)]        Loss: -1392.130615
Train Epoch: 3 [4480/60000 (7%)]        Loss: -1328.136841
Train Epoch: 3 [5120/60000 (9%)]        Loss: -1371.293457
Train Epoch: 3 [5760/60000 (10%)]       Loss: -1351.863281
Train Epoch: 3 [6400/60000 (11%)]       Loss: -1399.919922
Train Epoch: 3 [7040/60000 (12%)]       Loss: -1436.063477
Train Epoch: 3 [7680/60000 (13%)]       Loss: -1438.721680
Train Epoch: 3 [8320/60000 (14%)]       Loss: -1368.306885
Train Epoch: 3 [8960/60000 (15%)]       Loss: -1284.028687
Train Epoch: 3 [9600/60000 (16%)]       Loss: -1446.131836
Train Epoch: 3 [10240/60000 (17%)]      Loss: -1452.899414
Train Epoch: 3 [10880/60000 (18%)]      Loss: -1407.169678
Train Epoch: 3 [11520/60000 (19%)]      Loss: -1442.560547
Train Epoch: 3 [12160/60000 (20%)]      Loss: -1475.541138
Train Epoch: 3 [12800/60000 (21%)]      Loss: -1471.455200
Train Epoch: 3 [13440/60000 (22%)]      Loss: -1436.718750
Train Epoch: 3 [14080/60000 (23%)]      Loss: -1509.223389
Train Epoch: 3 [14720/60000 (25%)]      Loss: -1506.453979
Train Epoch: 3 [15360/60000 (26%)]      Loss: -1481.715088
Train Epoch: 3 [16000/60000 (27%)]      Loss: -1549.063110
Train Epoch: 3 [16640/60000 (28%)]      Loss: -1514.724609
Train Epoch: 3 [17280/60000 (29%)]      Loss: -1465.266724
Train Epoch: 3 [17920/60000 (30%)]      Loss: -1392.332153
Train Epoch: 3 [18560/60000 (31%)]      Loss: -1444.500488
Train Epoch: 3 [19200/60000 (32%)]      Loss: -1437.896973
Train Epoch: 3 [19840/60000 (33%)]      Loss: -1540.423462
Train Epoch: 3 [20480/60000 (34%)]      Loss: -1572.203125
Train Epoch: 3 [21120/60000 (35%)]      Loss: -1539.214233
Train Epoch: 3 [21760/60000 (36%)]      Loss: -1467.836060
Train Epoch: 3 [22400/60000 (37%)]      Loss: -1431.811035
Train Epoch: 3 [23040/60000 (38%)]      Loss: -1542.488281
Train Epoch: 3 [23680/60000 (39%)]      Loss: -1630.946289
Train Epoch: 3 [24320/60000 (41%)]      Loss: -1548.963379
Train Epoch: 3 [24960/60000 (42%)]      Loss: -1530.562988
Train Epoch: 3 [25600/60000 (43%)]      Loss: -1536.892090
Train Epoch: 3 [26240/60000 (44%)]      Loss: -1625.260864
Train Epoch: 3 [26880/60000 (45%)]      Loss: -1620.241577
Train Epoch: 3 [27520/60000 (46%)]      Loss: -1528.501587
Train Epoch: 3 [28160/60000 (47%)]      Loss: -1638.279541
Train Epoch: 3 [28800/60000 (48%)]      Loss: -1551.321167
Train Epoch: 3 [29440/60000 (49%)]      Loss: -1653.587646
Train Epoch: 3 [30080/60000 (50%)]      Loss: -1565.896606
Train Epoch: 3 [30720/60000 (51%)]      Loss: -1607.437256
Train Epoch: 3 [31360/60000 (52%)]      Loss: -1683.900879
Train Epoch: 3 [32000/60000 (53%)]      Loss: -1559.673706
Train Epoch: 3 [32640/60000 (54%)]      Loss: -1694.701904
Train Epoch: 3 [33280/60000 (55%)]      Loss: -1618.003174
Train Epoch: 3 [33920/60000 (57%)]      Loss: -1663.369873
Train Epoch: 3 [34560/60000 (58%)]      Loss: -1607.787842
Train Epoch: 3 [35200/60000 (59%)]      Loss: -1682.145508
Train Epoch: 3 [35840/60000 (60%)]      Loss: -1648.898926
Train Epoch: 3 [36480/60000 (61%)]      Loss: -1744.095337
Train Epoch: 3 [37120/60000 (62%)]      Loss: -1589.952148
Train Epoch: 3 [37760/60000 (63%)]      Loss: -1660.642334
Train Epoch: 3 [38400/60000 (64%)]      Loss: -1725.186890
Train Epoch: 3 [39040/60000 (65%)]      Loss: -1780.423584
Train Epoch: 3 [39680/60000 (66%)]      Loss: -1711.635010
Train Epoch: 3 [40320/60000 (67%)]      Loss: -1746.642822
Train Epoch: 3 [40960/60000 (68%)]      Loss: -1698.879272
Train Epoch: 3 [41600/60000 (69%)]      Loss: -1637.895630
Train Epoch: 3 [42240/60000 (70%)]      Loss: -1749.086792
Train Epoch: 3 [42880/60000 (71%)]      Loss: -1730.598877
Train Epoch: 3 [43520/60000 (72%)]      Loss: -1791.747803
Train Epoch: 3 [44160/60000 (74%)]      Loss: -1773.941406
Train Epoch: 3 [44800/60000 (75%)]      Loss: -1717.036987
Train Epoch: 3 [45440/60000 (76%)]      Loss: -1719.835205
Train Epoch: 3 [46080/60000 (77%)]      Loss: -1717.366211
Train Epoch: 3 [46720/60000 (78%)]      Loss: -2039.418579
Train Epoch: 3 [47360/60000 (79%)]      Loss: -1757.009399
Train Epoch: 3 [48000/60000 (80%)]      Loss: -1818.567505
Train Epoch: 3 [48640/60000 (81%)]      Loss: -1852.139648
Train Epoch: 3 [49280/60000 (82%)]      Loss: -1721.471924
Train Epoch: 3 [49920/60000 (83%)]      Loss: -1965.820068
Train Epoch: 3 [50560/60000 (84%)]      Loss: -1922.640137
Train Epoch: 3 [51200/60000 (85%)]      Loss: -1745.312500
Train Epoch: 3 [51840/60000 (86%)]      Loss: -1930.782471
Train Epoch: 3 [52480/60000 (87%)]      Loss: -1890.556030
Train Epoch: 3 [53120/60000 (88%)]      Loss: -1794.991455
Train Epoch: 3 [53760/60000 (90%)]      Loss: -1915.611328
Train Epoch: 3 [54400/60000 (91%)]      Loss: -1849.415405
Train Epoch: 3 [55040/60000 (92%)]      Loss: -1910.515137
Train Epoch: 3 [55680/60000 (93%)]      Loss: -1910.622070
Train Epoch: 3 [56320/60000 (94%)]      Loss: -2059.252197
Train Epoch: 3 [56960/60000 (95%)]      Loss: -1914.209351
Train Epoch: 3 [57600/60000 (96%)]      Loss: -1898.663452
Train Epoch: 3 [58240/60000 (97%)]      Loss: -1994.680664
Train Epoch: 3 [58880/60000 (98%)]      Loss: -1933.064819
Train Epoch: 3 [59520/60000 (99%)]      Loss: -1878.137451

Test set: Avg. loss: -1984.5092, Accuracy: 7381/10000 (74%)