Test set: Avg. loss: -0.0545, Accuracy: 983/10000 (10%)

Train Epoch: 1 [0/60000 (0%)]   Loss: -0.062126
Train Epoch: 1 [640/60000 (1%)] Loss: -2.803602
Train Epoch: 1 [1280/60000 (2%)]        Loss: -11.907082
Train Epoch: 1 [1920/60000 (3%)]        Loss: -58.790527
Train Epoch: 1 [2560/60000 (4%)]        Loss: -299.194672
Train Epoch: 1 [3200/60000 (5%)]        Loss: -1772.857910
Train Epoch: 1 [3840/60000 (6%)]        Loss: -9673.206055
Train Epoch: 1 [4480/60000 (7%)]        Loss: -50280.578125
Train Epoch: 1 [5120/60000 (9%)]        Loss: -271877.718750
Train Epoch: 1 [5760/60000 (10%)]       Loss: -1522732.250000
Train Epoch: 1 [6400/60000 (11%)]       Loss: -8180611.000000
Train Epoch: 1 [7040/60000 (12%)]       Loss: -44407408.000000
Train Epoch: 1 [7680/60000 (13%)]       Loss: -236010992.000000
Train Epoch: 1 [8320/60000 (14%)]       Loss: -1269079168.000000
Train Epoch: 1 [8960/60000 (15%)]       Loss: -6952905728.000000
Train Epoch: 1 [9600/60000 (16%)]       Loss: -38933745664.000000
Train Epoch: 1 [10240/60000 (17%)]      Loss: -232548302848.000000
Train Epoch: 1 [10880/60000 (18%)]      Loss: -1255991803904.000000
Train Epoch: 1 [11520/60000 (19%)]      Loss: -6738027216896.000000
Train Epoch: 1 [12160/60000 (20%)]      Loss: -38668953714688.000000
Train Epoch: 1 [12800/60000 (21%)]      Loss: -190939834351616.000000
Train Epoch: 1 [13440/60000 (22%)]      Loss: -1103891420676096.000000
Train Epoch: 1 [14080/60000 (23%)]      Loss: -5647068634808320.000000
Train Epoch: 1 [14720/60000 (25%)]      Loss: -30201325262209024.000000
Train Epoch: 1 [15360/60000 (26%)]      Loss: -177471312845864960.000000
Train Epoch: 1 [16000/60000 (27%)]      Loss: -903305014749954048.000000
Train Epoch: 1 [16640/60000 (28%)]      Loss: -5196534395183300608.000000
Train Epoch: 1 [17280/60000 (29%)]      Loss: -29814823491704193024.000000
Train Epoch: 1 [17920/60000 (30%)]      Loss: -169003610136891097088.000000
Train Epoch: 1 [18560/60000 (31%)]      Loss: -905767475493963038720.000000
Train Epoch: 1 [19200/60000 (32%)]      Loss: -5478457246960414883840.000000
Train Epoch: 1 [19840/60000 (33%)]      Loss: -29774384755856359030784.000000
Train Epoch: 1 [20480/60000 (34%)]      Loss: -157592642306326308847616.000000
Train Epoch: 1 [21120/60000 (35%)]      Loss: -887863481603446135586816.000000
Train Epoch: 1 [21760/60000 (36%)]      Loss: -4931178437637266607177728.000000
Train Epoch: 1 [22400/60000 (37%)]      Loss: -25081064851272989153427456.000000
Train Epoch: 1 [23040/60000 (38%)]      Loss: -145048436528660948780580864.000000
Train Epoch: 1 [23680/60000 (39%)]      Loss: -812496582607408119569973248.000000
Train Epoch: 1 [24320/60000 (41%)]      Loss: -4410102065225226179410132992.000000
Train Epoch: 1 [24960/60000 (42%)]      Loss: -21422576369455238634927030272.000000
Train Epoch: 1 [25600/60000 (43%)]      Loss: -119275605898796487992286380032.000000
Train Epoch: 1 [26240/60000 (44%)]      Loss: -743287186219666395714828632064.000000
Train Epoch: 1 [26880/60000 (45%)]      Loss: -4007518672093503162001546805248.000000
Train Epoch: 1 [27520/60000 (46%)]      Loss: -20655977353319147755964857319424.000000
Train Epoch: 1 [28160/60000 (47%)]      Loss: -117032065948951459083344681107456.000000
Train Epoch: 1 [28800/60000 (48%)]      Loss: -646566952710964387900285201154048.000000
Train Epoch: 1 [29440/60000 (49%)]      Loss: -3462473724039794355202954086055936.000000
Train Epoch: 1 [30080/60000 (50%)]      Loss: -18667186292413402658807945669640192.000000
Train Epoch: 1 [30720/60000 (51%)]      Loss: -118625000149782393576634427992178688.000000
Train Epoch: 1 [31360/60000 (52%)]      Loss: -660052277979374138686280050111676416.000000
Train Epoch: 1 [32000/60000 (53%)]      Loss: -3309366369561172465371987914874945536.000000
Train Epoch: 1 [32640/60000 (54%)]      Loss: -inf
Train Epoch: 1 [33280/60000 (55%)]      Loss: -inf
Train Epoch: 1 [33920/60000 (57%)]      Loss: -inf
Train Epoch: 1 [34560/60000 (58%)]      Loss: -inf
Train Epoch: 1 [35200/60000 (59%)]      Loss: -inf
Train Epoch: 1 [35840/60000 (60%)]      Loss: -inf
Train Epoch: 1 [36480/60000 (61%)]      Loss: -inf
Train Epoch: 1 [37120/60000 (62%)]      Loss: -inf
Train Epoch: 1 [37760/60000 (63%)]      Loss: -inf
Train Epoch: 1 [38400/60000 (64%)]      Loss: -inf
Train Epoch: 1 [39040/60000 (65%)]      Loss: -inf
Train Epoch: 1 [39680/60000 (66%)]      Loss: -inf
Train Epoch: 1 [40320/60000 (67%)]      Loss: -inf
Train Epoch: 1 [40960/60000 (68%)]      Loss: -inf
Train Epoch: 1 [41600/60000 (69%)]      Loss: -inf
Train Epoch: 1 [42240/60000 (70%)]      Loss: -inf
Train Epoch: 1 [42880/60000 (71%)]      Loss: -inf
Train Epoch: 1 [43520/60000 (72%)]      Loss: -inf
Train Epoch: 1 [44160/60000 (74%)]      Loss: -inf
Train Epoch: 1 [44800/60000 (75%)]      Loss: -inf
Train Epoch: 1 [45440/60000 (76%)]      Loss: -inf
Train Epoch: 1 [46080/60000 (77%)]      Loss: -inf
Train Epoch: 1 [46720/60000 (78%)]      Loss: -inf
Train Epoch: 1 [47360/60000 (79%)]      Loss: -inf
Train Epoch: 1 [48000/60000 (80%)]      Loss: -inf
Train Epoch: 1 [48640/60000 (81%)]      Loss: -inf
Train Epoch: 1 [49280/60000 (82%)]      Loss: -inf
Train Epoch: 1 [49920/60000 (83%)]      Loss: -inf
Train Epoch: 1 [50560/60000 (84%)]      Loss: -inf
Train Epoch: 1 [51200/60000 (85%)]      Loss: -inf
Train Epoch: 1 [51840/60000 (86%)]      Loss: -inf
Train Epoch: 1 [52480/60000 (87%)]      Loss: -inf
Train Epoch: 1 [53120/60000 (88%)]      Loss: -inf
Train Epoch: 1 [53760/60000 (90%)]      Loss: -inf
Train Epoch: 1 [54400/60000 (91%)]      Loss: -inf
Train Epoch: 1 [55040/60000 (92%)]      Loss: -inf
Train Epoch: 1 [55680/60000 (93%)]      Loss: -inf
Train Epoch: 1 [56320/60000 (94%)]      Loss: -inf
Train Epoch: 1 [56960/60000 (95%)]      Loss: -inf
Train Epoch: 1 [57600/60000 (96%)]      Loss: -inf
Train Epoch: 1 [58240/60000 (97%)]      Loss: -inf
Train Epoch: 1 [58880/60000 (98%)]      Loss: -inf
Train Epoch: 1 [59520/60000 (99%)]      Loss: -inf

Test set: Avg. loss: -inf, Accuracy: 980/10000 (10%)

Train Epoch: 2 [0/60000 (0%)]   Loss: -inf
Train Epoch: 2 [640/60000 (1%)] Loss: -inf
Train Epoch: 2 [1280/60000 (2%)]        Loss: -inf
Train Epoch: 2 [1920/60000 (3%)]        Loss: -inf
Train Epoch: 2 [2560/60000 (4%)]        Loss: -inf
Train Epoch: 2 [3200/60000 (5%)]        Loss: -inf
Train Epoch: 2 [3840/60000 (6%)]        Loss: -inf
Train Epoch: 2 [4480/60000 (7%)]        Loss: -inf
Train Epoch: 2 [5120/60000 (9%)]        Loss: -inf
Train Epoch: 2 [5760/60000 (10%)]       Loss: -inf
Train Epoch: 2 [6400/60000 (11%)]       Loss: nan
Train Epoch: 2 [7040/60000 (12%)]       Loss: nan
Train Epoch: 2 [7680/60000 (13%)]       Loss: nan
Train Epoch: 2 [8320/60000 (14%)]       Loss: nan
Train Epoch: 2 [8960/60000 (15%)]       Loss: nan
Train Epoch: 2 [9600/60000 (16%)]       Loss: nan
Train Epoch: 2 [10240/60000 (17%)]      Loss: nan
Train Epoch: 2 [10880/60000 (18%)]      Loss: nan
Train Epoch: 2 [11520/60000 (19%)]      Loss: nan
Train Epoch: 2 [12160/60000 (20%)]      Loss: nan
Train Epoch: 2 [12800/60000 (21%)]      Loss: nan
Train Epoch: 2 [13440/60000 (22%)]      Loss: nan
Train Epoch: 2 [14080/60000 (23%)]      Loss: nan
Train Epoch: 2 [14720/60000 (25%)]      Loss: nan
Train Epoch: 2 [15360/60000 (26%)]      Loss: nan
Train Epoch: 2 [16000/60000 (27%)]      Loss: nan
Train Epoch: 2 [16640/60000 (28%)]      Loss: nan
Train Epoch: 2 [17280/60000 (29%)]      Loss: nan
Train Epoch: 2 [17920/60000 (30%)]      Loss: nan
Train Epoch: 2 [18560/60000 (31%)]      Loss: nan
Train Epoch: 2 [19200/60000 (32%)]      Loss: nan
Train Epoch: 2 [19840/60000 (33%)]      Loss: nan
Train Epoch: 2 [20480/60000 (34%)]      Loss: nan
Train Epoch: 2 [21120/60000 (35%)]      Loss: nan
Train Epoch: 2 [21760/60000 (36%)]      Loss: nan
Train Epoch: 2 [22400/60000 (37%)]      Loss: nan
Train Epoch: 2 [23040/60000 (38%)]      Loss: nan
Train Epoch: 2 [23680/60000 (39%)]      Loss: nan
Train Epoch: 2 [24320/60000 (41%)]      Loss: nan
Train Epoch: 2 [24960/60000 (42%)]      Loss: nan
Train Epoch: 2 [25600/60000 (43%)]      Loss: nan
Train Epoch: 2 [26240/60000 (44%)]      Loss: nan
Train Epoch: 2 [26880/60000 (45%)]      Loss: nan
Train Epoch: 2 [27520/60000 (46%)]      Loss: nan
Train Epoch: 2 [28160/60000 (47%)]      Loss: nan
Train Epoch: 2 [28800/60000 (48%)]      Loss: nan
Train Epoch: 2 [29440/60000 (49%)]      Loss: nan
Train Epoch: 2 [30080/60000 (50%)]      Loss: nan
Train Epoch: 2 [30720/60000 (51%)]      Loss: nan
Train Epoch: 2 [31360/60000 (52%)]      Loss: nan
Train Epoch: 2 [32000/60000 (53%)]      Loss: nan
Train Epoch: 2 [32640/60000 (54%)]      Loss: nan
Train Epoch: 2 [33280/60000 (55%)]      Loss: nan
Train Epoch: 2 [33920/60000 (57%)]      Loss: nan
Train Epoch: 2 [34560/60000 (58%)]      Loss: nan
Train Epoch: 2 [35200/60000 (59%)]      Loss: nan
Train Epoch: 2 [35840/60000 (60%)]      Loss: nan
Train Epoch: 2 [36480/60000 (61%)]      Loss: nan
Train Epoch: 2 [37120/60000 (62%)]      Loss: nan
Train Epoch: 2 [37760/60000 (63%)]      Loss: nan
Train Epoch: 2 [38400/60000 (64%)]      Loss: nan
Train Epoch: 2 [39040/60000 (65%)]      Loss: nan
Train Epoch: 2 [39680/60000 (66%)]      Loss: nan
Train Epoch: 2 [40320/60000 (67%)]      Loss: nan
Train Epoch: 2 [40960/60000 (68%)]      Loss: nan
Train Epoch: 2 [41600/60000 (69%)]      Loss: nan
Train Epoch: 2 [42240/60000 (70%)]      Loss: nan
Train Epoch: 2 [42880/60000 (71%)]      Loss: nan
Train Epoch: 2 [43520/60000 (72%)]      Loss: nan
Train Epoch: 2 [44160/60000 (74%)]      Loss: nan
Train Epoch: 2 [44800/60000 (75%)]      Loss: nan
Train Epoch: 2 [45440/60000 (76%)]      Loss: nan
Train Epoch: 2 [46080/60000 (77%)]      Loss: nan
Train Epoch: 2 [46720/60000 (78%)]      Loss: nan
Train Epoch: 2 [47360/60000 (79%)]      Loss: nan
Train Epoch: 2 [48000/60000 (80%)]      Loss: nan
Train Epoch: 2 [48640/60000 (81%)]      Loss: nan
Train Epoch: 2 [49280/60000 (82%)]      Loss: nan
Train Epoch: 2 [49920/60000 (83%)]      Loss: nan
Train Epoch: 2 [50560/60000 (84%)]      Loss: nan
Train Epoch: 2 [51200/60000 (85%)]      Loss: nan
Train Epoch: 2 [51840/60000 (86%)]      Loss: nan
Train Epoch: 2 [52480/60000 (87%)]      Loss: nan
Train Epoch: 2 [53120/60000 (88%)]      Loss: nan
Train Epoch: 2 [53760/60000 (90%)]      Loss: nan
Train Epoch: 2 [54400/60000 (91%)]      Loss: nan
Train Epoch: 2 [55040/60000 (92%)]      Loss: nan
Train Epoch: 2 [55680/60000 (93%)]      Loss: nan
Train Epoch: 2 [56320/60000 (94%)]      Loss: nan
Train Epoch: 2 [56960/60000 (95%)]      Loss: nan
Train Epoch: 2 [57600/60000 (96%)]      Loss: nan
Train Epoch: 2 [58240/60000 (97%)]      Loss: nan
Train Epoch: 2 [58880/60000 (98%)]      Loss: nan
Train Epoch: 2 [59520/60000 (99%)]      Loss: nan

Test set: Avg. loss: nan, Accuracy: 980/10000 (10%)

Train Epoch: 3 [0/60000 (0%)]   Loss: nan
Train Epoch: 3 [640/60000 (1%)] Loss: nan
Train Epoch: 3 [1280/60000 (2%)]        Loss: nan
Train Epoch: 3 [1920/60000 (3%)]        Loss: nan
Train Epoch: 3 [2560/60000 (4%)]        Loss: nan
Train Epoch: 3 [3200/60000 (5%)]        Loss: nan
Train Epoch: 3 [3840/60000 (6%)]        Loss: nan
Train Epoch: 3 [4480/60000 (7%)]        Loss: nan
Train Epoch: 3 [5120/60000 (9%)]        Loss: nan
Train Epoch: 3 [5760/60000 (10%)]       Loss: nan
Train Epoch: 3 [6400/60000 (11%)]       Loss: nan
Train Epoch: 3 [7040/60000 (12%)]       Loss: nan
Train Epoch: 3 [7680/60000 (13%)]       Loss: nan
Train Epoch: 3 [8320/60000 (14%)]       Loss: nan
Train Epoch: 3 [8960/60000 (15%)]       Loss: nan
Train Epoch: 3 [9600/60000 (16%)]       Loss: nan
Train Epoch: 3 [10240/60000 (17%)]      Loss: nan
Train Epoch: 3 [10880/60000 (18%)]      Loss: nan
Train Epoch: 3 [11520/60000 (19%)]      Loss: nan
Train Epoch: 3 [12160/60000 (20%)]      Loss: nan
Train Epoch: 3 [12800/60000 (21%)]      Loss: nan
Train Epoch: 3 [13440/60000 (22%)]      Loss: nan
Train Epoch: 3 [14080/60000 (23%)]      Loss: nan
Train Epoch: 3 [14720/60000 (25%)]      Loss: nan
Train Epoch: 3 [15360/60000 (26%)]      Loss: nan
Train Epoch: 3 [16000/60000 (27%)]      Loss: nan
Train Epoch: 3 [16640/60000 (28%)]      Loss: nan
Train Epoch: 3 [17280/60000 (29%)]      Loss: nan
Train Epoch: 3 [17920/60000 (30%)]      Loss: nan
Train Epoch: 3 [18560/60000 (31%)]      Loss: nan
Train Epoch: 3 [19200/60000 (32%)]      Loss: nan
Train Epoch: 3 [19840/60000 (33%)]      Loss: nan
Train Epoch: 3 [20480/60000 (34%)]      Loss: nan
Train Epoch: 3 [21120/60000 (35%)]      Loss: nan
Train Epoch: 3 [21760/60000 (36%)]      Loss: nan
Train Epoch: 3 [22400/60000 (37%)]      Loss: nan
Train Epoch: 3 [23040/60000 (38%)]      Loss: nan
Train Epoch: 3 [23680/60000 (39%)]      Loss: nan
Train Epoch: 3 [24320/60000 (41%)]      Loss: nan
Train Epoch: 3 [24960/60000 (42%)]      Loss: nan
Train Epoch: 3 [25600/60000 (43%)]      Loss: nan
Train Epoch: 3 [26240/60000 (44%)]      Loss: nan
Train Epoch: 3 [26880/60000 (45%)]      Loss: nan
Train Epoch: 3 [27520/60000 (46%)]      Loss: nan
Train Epoch: 3 [28160/60000 (47%)]      Loss: nan
Train Epoch: 3 [28800/60000 (48%)]      Loss: nan
Train Epoch: 3 [29440/60000 (49%)]      Loss: nan
Train Epoch: 3 [30080/60000 (50%)]      Loss: nan
Train Epoch: 3 [30720/60000 (51%)]      Loss: nan
Train Epoch: 3 [31360/60000 (52%)]      Loss: nan
Train Epoch: 3 [32000/60000 (53%)]      Loss: nan
Train Epoch: 3 [32640/60000 (54%)]      Loss: nan
Train Epoch: 3 [33280/60000 (55%)]      Loss: nan
Train Epoch: 3 [33920/60000 (57%)]      Loss: nan
Train Epoch: 3 [34560/60000 (58%)]      Loss: nan
Train Epoch: 3 [35200/60000 (59%)]      Loss: nan
Train Epoch: 3 [35840/60000 (60%)]      Loss: nan
Train Epoch: 3 [36480/60000 (61%)]      Loss: nan
Train Epoch: 3 [37120/60000 (62%)]      Loss: nan
Train Epoch: 3 [37760/60000 (63%)]      Loss: nan
Train Epoch: 3 [38400/60000 (64%)]      Loss: nan
Train Epoch: 3 [39040/60000 (65%)]      Loss: nan
Train Epoch: 3 [39680/60000 (66%)]      Loss: nan
Train Epoch: 3 [40320/60000 (67%)]      Loss: nan
Train Epoch: 3 [40960/60000 (68%)]      Loss: nan
Train Epoch: 3 [41600/60000 (69%)]      Loss: nan
Train Epoch: 3 [42240/60000 (70%)]      Loss: nan
Train Epoch: 3 [42880/60000 (71%)]      Loss: nan
Train Epoch: 3 [43520/60000 (72%)]      Loss: nan
Train Epoch: 3 [44160/60000 (74%)]      Loss: nan
Train Epoch: 3 [44800/60000 (75%)]      Loss: nan
Train Epoch: 3 [45440/60000 (76%)]      Loss: nan
Train Epoch: 3 [46080/60000 (77%)]      Loss: nan
Train Epoch: 3 [46720/60000 (78%)]      Loss: nan
Train Epoch: 3 [47360/60000 (79%)]      Loss: nan
Train Epoch: 3 [48000/60000 (80%)]      Loss: nan
Train Epoch: 3 [48640/60000 (81%)]      Loss: nan
Train Epoch: 3 [49280/60000 (82%)]      Loss: nan
Train Epoch: 3 [49920/60000 (83%)]      Loss: nan
Train Epoch: 3 [50560/60000 (84%)]      Loss: nan
Train Epoch: 3 [51200/60000 (85%)]      Loss: nan
Train Epoch: 3 [51840/60000 (86%)]      Loss: nan
Train Epoch: 3 [52480/60000 (87%)]      Loss: nan
Train Epoch: 3 [53120/60000 (88%)]      Loss: nan
Train Epoch: 3 [53760/60000 (90%)]      Loss: nan
Train Epoch: 3 [54400/60000 (91%)]      Loss: nan
Train Epoch: 3 [55040/60000 (92%)]      Loss: nan
Train Epoch: 3 [55680/60000 (93%)]      Loss: nan
Train Epoch: 3 [56320/60000 (94%)]      Loss: nan
Train Epoch: 3 [56960/60000 (95%)]      Loss: nan
Train Epoch: 3 [57600/60000 (96%)]      Loss: nan
Train Epoch: 3 [58240/60000 (97%)]      Loss: nan
Train Epoch: 3 [58880/60000 (98%)]      Loss: nan
Train Epoch: 3 [59520/60000 (99%)]      Loss: nan

Test set: Avg. loss: nan, Accuracy: 980/10000 (10%)